Ridex/ridexConductor/app/build/intermediates/manifest_merge_blame_file/debug/manifest-merger-blame-debug-report.txt
1<?xml version="1.0" encoding="utf-8"?>
2<manifest xmlns:android="http://schemas.android.com/apk/res/android"
3    package="com.app.myapplication"
4    android:versionCode="1"
5    android:versionName="1.0" >
6
7    <uses-sdk
8        android:minSdkVersion="24"
9        android:targetSdkVersion="34" />
10
11    <uses-permission android:name="android.permission.INTERNET" />
11-->src/main/AndroidManifest.xml:5:5-67
11-->src/main/AndroidManifest.xml:5:22-64
12    <uses-permission android:name="android.permission.ACCESS_FINE_LOCATION" />
12-->src/main/AndroidManifest.xml:6:5-79
12-->src/main/AndroidManifest.xml:6:22-76
13    <uses-permission android:name="android.permission.ACCESS_COARSE_LOCATION" />
13-->src/main/AndroidManifest.xml:7:5-81
13-->src/main/AndroidManifest.xml:7:22-78
14    <uses-permission android:name="android.permission.ACCESS_NETWORK_STATE" />
14-->src/main/AndroidManifest.xml:8:5-79
14-->src/main/AndroidManifest.xml:8:22-76
15    <uses-permission android:name="android.permission.CAMERA" />
15-->src/main/AndroidManifest.xml:9:5-65
15-->src/main/AndroidManifest.xml:9:22-62
16    <uses-permission android:name="android.permission.CALL_PHONE" />
16-->src/main/AndroidManifest.xml:10:5-69
16-->src/main/AndroidManifest.xml:10:22-66
17    <uses-permission android:name="android.permission.POST_NOTIFICATIONS" />
17-->src/main/AndroidManifest.xml:11:5-77
17-->src/main/AndroidManifest.xml:11:22-74
18
19    <uses-feature
19-->src/main/AndroidManifest.xml:13:5-16:40
20        android:name="android.hardware.camera"
20-->src/main/AndroidManifest.xml:14:9-47
21        required="false" />
21-->src/main/AndroidManifest.xml:15:9-25
22
23    <uses-permission android:name="android.permission.READ_EXTERNAL_STORAGE" />
23-->src/main/AndroidManifest.xml:18:5-80
23-->src/main/AndroidManifest.xml:18:22-77
24    <uses-permission android:name="android.permission.WRITE_EXTERNAL_STORAGE" />
24-->src/main/AndroidManifest.xml:19:5-21:40
24-->src/main/AndroidManifest.xml:20:9-65
25
26    <queries>
26-->[com.github.dhaval2404:imagepicker:2.1] AndroidManifest.xml:9:5-19:15
27
28        <!-- Query Camera Packages -->
29        <intent>
29-->[com.github.dhaval2404:imagepicker:2.1] AndroidManifest.xml:12:9-14:18
30            <action android:name="android.media.action.IMAGE_CAPTURE" />
30-->[com.github.dhaval2404:imagepicker:2.1] AndroidManifest.xml:13:13-73
30-->[com.github.dhaval2404:imagepicker:2.1] AndroidManifest.xml:13:21-70
31        </intent>
32        <!-- Query Open Document -->
33        <intent>
33-->[com.github.dhaval2404:imagepicker:2.1] AndroidManifest.xml:16:9-18:18
34            <action android:name="android.intent.action.OPEN_DOCUMENT_TREE" />
34-->[com.github.dhaval2404:imagepicker:2.1] AndroidManifest.xml:17:13-79
34-->[com.github.dhaval2404:imagepicker:2.1] AndroidManifest.xml:17:21-76
35        </intent>
36        <!-- Needs to be explicitly declared on Android R+ -->
37        <package android:name="com.google.android.apps.maps" />
37-->[com.google.android.gms:play-services-maps:18.0.2] AndroidManifest.xml:33:9-64
37-->[com.google.android.gms:play-services-maps:18.0.2] AndroidManifest.xml:33:18-61
38    </queries>
39
40    <uses-feature
40-->[com.google.android.gms:play-services-maps:18.0.2] AndroidManifest.xml:26:5-28:35
41        android:glEsVersion="0x00020000"
41-->[com.google.android.gms:play-services-maps:18.0.2] AndroidManifest.xml:27:9-41
42        android:required="true" />
42-->[com.google.android.gms:play-services-maps:18.0.2] AndroidManifest.xml:28:9-32
43
44    <uses-permission android:name="com.google.android.providers.gsf.permission.READ_GSERVICES" />
44-->[com.google.android.recaptcha:recaptcha:18.4.0] AndroidManifest.xml:9:5-98
44-->[com.google.android.recaptcha:recaptcha:18.4.0] AndroidManifest.xml:9:22-95
45    <uses-permission android:name="android.permission.WAKE_LOCK" />
45-->[com.google.android.gms:play-services-measurement-api:21.5.0] AndroidManifest.xml:24:5-68
45-->[com.google.android.gms:play-services-measurement-api:21.5.0] AndroidManifest.xml:24:22-65
46    <uses-permission android:name="com.google.android.gms.permission.AD_ID" />
46-->[com.google.android.gms:play-services-measurement-api:21.5.0] AndroidManifest.xml:25:5-79
46-->[com.google.android.gms:play-services-measurement-api:21.5.0] AndroidManifest.xml:25:22-76
47    <uses-permission android:name="android.permission.ACCESS_ADSERVICES_ATTRIBUTION" />
47-->[com.google.android.gms:play-services-measurement-api:21.5.0] AndroidManifest.xml:26:5-88
47-->[com.google.android.gms:play-services-measurement-api:21.5.0] AndroidManifest.xml:26:22-85
48    <uses-permission android:name="android.permission.ACCESS_ADSERVICES_AD_ID" />
48-->[com.google.android.gms:play-services-measurement-api:21.5.0] AndroidManifest.xml:27:5-82
48-->[com.google.android.gms:play-services-measurement-api:21.5.0] AndroidManifest.xml:27:22-79
49    <uses-permission android:name="com.google.android.finsky.permission.BIND_GET_INSTALL_REFERRER_SERVICE" />
49-->[com.google.android.gms:play-services-measurement:21.5.0] AndroidManifest.xml:26:5-110
49-->[com.google.android.gms:play-services-measurement:21.5.0] AndroidManifest.xml:26:22-107
50
51    <permission
51-->[androidx.core:core:1.12.0] AndroidManifest.xml:22:5-24:47
52        android:name="com.app.myapplication.DYNAMIC_RECEIVER_NOT_EXPORTED_PERMISSION"
52-->[androidx.core:core:1.12.0] AndroidManifest.xml:23:9-81
53        android:protectionLevel="signature" />
53-->[androidx.core:core:1.12.0] AndroidManifest.xml:24:9-44
54
55    <uses-permission android:name="com.app.myapplication.DYNAMIC_RECEIVER_NOT_EXPORTED_PERMISSION" />
55-->[androidx.core:core:1.12.0] AndroidManifest.xml:26:5-97
55-->[androidx.core:core:1.12.0] AndroidManifest.xml:26:22-94
56
57    <application
57-->src/main/AndroidManifest.xml:23:5-121:19
58        android:allowBackup="true"
58-->src/main/AndroidManifest.xml:24:9-35
59        android:appComponentFactory="androidx.core.app.CoreComponentFactory"
59-->[androidx.core:core:1.12.0] AndroidManifest.xml:28:18-86
60        android:dataExtractionRules="@xml/data_extraction_rules"
60-->src/main/AndroidManifest.xml:25:9-65
61        android:debuggable="true"
62        android:extractNativeLibs="false"
63        android:fullBackupContent="@xml/backup_rules"
63-->src/main/AndroidManifest.xml:26:9-54
64        android:icon="@mipmap/ic_launcher"
64-->src/main/AndroidManifest.xml:27:9-43
65        android:label="@string/app_name"
65-->src/main/AndroidManifest.xml:28:9-41
66        android:roundIcon="@mipmap/ic_launcher_round"
66-->src/main/AndroidManifest.xml:29:9-54
67        android:supportsRtl="true"
67-->src/main/AndroidManifest.xml:30:9-35
68        android:testOnly="true"
69        android:theme="@style/Theme.MyApplication" >
69-->src/main/AndroidManifest.xml:31:9-51
70        <activity
70-->src/main/AndroidManifest.xml:33:9-35:40
71            android:name="com.app.myapplication.ChatActivity"
71-->src/main/AndroidManifest.xml:34:13-41
72            android:exported="false" />
72-->src/main/AndroidManifest.xml:35:13-37
73        <activity
73-->src/main/AndroidManifest.xml:36:9-38:40
74            android:name="com.app.myapplication.CarViewActivity"
74-->src/main/AndroidManifest.xml:37:13-44
75            android:exported="false" />
75-->src/main/AndroidManifest.xml:38:13-37
76        <activity
76-->src/main/AndroidManifest.xml:39:9-41:40
77            android:name="com.app.myapplication.Perfil"
77-->src/main/AndroidManifest.xml:40:13-35
78            android:exported="false" />
78-->src/main/AndroidManifest.xml:41:13-37
79        <activity
79-->src/main/AndroidManifest.xml:42:9-44:40
80            android:name="com.app.myapplication.ThanksLicensePhotoActivity"
80-->src/main/AndroidManifest.xml:43:13-55
81            android:exported="false" />
81-->src/main/AndroidManifest.xml:44:13-37
82        <activity
82-->src/main/AndroidManifest.xml:45:9-47:40
83            android:name="com.app.myapplication.TakeLicensePhotoFrontalConfirmationActivity"
83-->src/main/AndroidManifest.xml:46:13-72
84            android:exported="false" />
84-->src/main/AndroidManifest.xml:47:13-37
85        <activity
85-->src/main/AndroidManifest.xml:48:9-50:40
86            android:name="com.app.myapplication.TakeLicensePhotoBackConfirmationActivity"
86-->src/main/AndroidManifest.xml:49:13-69
87            android:exported="false" />
87-->src/main/AndroidManifest.xml:50:13-37
88        <activity
88-->src/main/AndroidManifest.xml:51:9-53:40
89            android:name="com.app.myapplication.TakeLicensePhotoInfoActivity"
89-->src/main/AndroidManifest.xml:52:13-57
90            android:exported="false" />
90-->src/main/AndroidManifest.xml:53:13-37
91        <activity
91-->src/main/AndroidManifest.xml:54:9-56:40
92            android:name="com.app.myapplication.ThanksProfilePhotoActivity"
92-->src/main/AndroidManifest.xml:55:13-55
93            android:exported="false" />
93-->src/main/AndroidManifest.xml:56:13-37
94        <activity
94-->src/main/AndroidManifest.xml:57:9-59:40
95            android:name="com.app.myapplication.TakeProfilePhotoConfirmationActivity"
95-->src/main/AndroidManifest.xml:58:13-65
96            android:exported="false" />
96-->src/main/AndroidManifest.xml:59:13-37
97        <activity
97-->src/main/AndroidManifest.xml:60:9-62:40
98            android:name="com.app.myapplication.TakeProfilePhotoInfoActivity"
98-->src/main/AndroidManifest.xml:61:13-57
99            android:exported="false" />
99-->src/main/AndroidManifest.xml:62:13-37
100        <activity
100-->src/main/AndroidManifest.xml:63:9-65:40
101            android:name="com.app.myapplication.RequiredStepsActivity"
101-->src/main/AndroidManifest.xml:64:13-50
102            android:exported="false" />
102-->src/main/AndroidManifest.xml:65:13-37
103        <activity
103-->src/main/AndroidManifest.xml:66:9-68:40
104            android:name="com.app.myapplication.SetPasswordActivity"
104-->src/main/AndroidManifest.xml:67:13-48
105            android:exported="false" />
105-->src/main/AndroidManifest.xml:68:13-37
106        <activity
106-->src/main/AndroidManifest.xml:69:9-71:40
107            android:name="com.app.myapplication.PhoneVerificationActivity"
107-->src/main/AndroidManifest.xml:70:13-54
108            android:exported="false" />
108-->src/main/AndroidManifest.xml:71:13-37
109        <activity
109-->src/main/AndroidManifest.xml:72:9-74:40
110            android:name="com.app.myapplication.SignUpActivity"
110-->src/main/AndroidManifest.xml:73:13-43
111            android:exported="false" />
111-->src/main/AndroidManifest.xml:74:13-37
112        <activity
112-->src/main/AndroidManifest.xml:75:9-77:40
113            android:name="com.app.myapplication.SignInActivity"
113-->src/main/AndroidManifest.xml:76:13-43
114            android:exported="false" />
114-->src/main/AndroidManifest.xml:77:13-37
115        <activity
115-->src/main/AndroidManifest.xml:78:9-80:40
116            android:name="com.app.myapplication.WalletActivity"
116-->src/main/AndroidManifest.xml:79:13-43
117            android:exported="false" />
117-->src/main/AndroidManifest.xml:80:13-37
118        <activity
118-->src/main/AndroidManifest.xml:81:9-83:40
119            android:name="com.app.myapplication.RideCancelActivity"
119-->src/main/AndroidManifest.xml:82:13-47
120            android:exported="false" />
120-->src/main/AndroidManifest.xml:83:13-37
121        <activity
121-->src/main/AndroidManifest.xml:84:9-86:40
122            android:name="com.app.myapplication.EarningsActivity"
122-->src/main/AndroidManifest.xml:85:13-45
123            android:exported="false" />
123-->src/main/AndroidManifest.xml:86:13-37
124        <activity
124-->src/main/AndroidManifest.xml:87:9-89:40
125            android:name="com.app.myapplication.EarningDetailsActivity"
125-->src/main/AndroidManifest.xml:88:13-51
126            android:exported="false" />
126-->src/main/AndroidManifest.xml:89:13-37
127        <activity
127-->src/main/AndroidManifest.xml:90:9-92:40
128            android:name="com.app.myapplication.DisconnectedActivity"
128-->src/main/AndroidManifest.xml:91:13-49
129            android:exported="false" />
129-->src/main/AndroidManifest.xml:92:13-37
130        <activity
130-->src/main/AndroidManifest.xml:93:9-95:40
131            android:name="com.app.myapplication.ConnectedActivity"
131-->src/main/AndroidManifest.xml:94:13-46
132            android:exported="false" />
132-->src/main/AndroidManifest.xml:95:13-37
133        <activity
133-->src/main/AndroidManifest.xml:96:9-98:40
134            android:name="com.app.myapplication.CashoutSuccesfullActivity"
134-->src/main/AndroidManifest.xml:97:13-54
135            android:exported="false" />
135-->src/main/AndroidManifest.xml:98:13-37
136        <activity
136-->src/main/AndroidManifest.xml:99:9-101:40
137            android:name="com.app.myapplication.CashoutFailActivity"
137-->src/main/AndroidManifest.xml:100:13-48
138            android:exported="false" />
138-->src/main/AndroidManifest.xml:101:13-37
139        <activity
139-->src/main/AndroidManifest.xml:102:9-104:40
140            android:name="com.app.myapplication.CashoutActivity"
140-->src/main/AndroidManifest.xml:103:13-44
141            android:exported="false" />
141-->src/main/AndroidManifest.xml:104:13-37
142        <activity
142-->src/main/AndroidManifest.xml:105:9-107:40
143            android:name="com.app.myapplication.BottomSheetOffertActivity"
143-->src/main/AndroidManifest.xml:106:13-54
144            android:exported="false" />
144-->src/main/AndroidManifest.xml:107:13-37
145        <activity
145-->src/main/AndroidManifest.xml:108:9-116:20
146            android:name="com.app.myapplication.MainActivity"
146-->src/main/AndroidManifest.xml:109:13-41
147            android:exported="true" >
147-->src/main/AndroidManifest.xml:110:13-36
148            <intent-filter>
148-->src/main/AndroidManifest.xml:111:13-115:29
149                <action android:name="android.intent.action.MAIN" />
149-->src/main/AndroidManifest.xml:112:17-69
149-->src/main/AndroidManifest.xml:112:25-66
150
151                <category android:name="android.intent.category.LAUNCHER" />
151-->src/main/AndroidManifest.xml:114:17-77
151-->src/main/AndroidManifest.xml:114:27-74
152            </intent-filter>
153        </activity>
154
155        <meta-data
155-->src/main/AndroidManifest.xml:118:9-120:71
156            android:name="com.google.android.geo.API_KEY"
156-->src/main/AndroidManifest.xml:119:13-58
157            android:value="AIzaSyBxBvr5hOLcZjWkEkwN3FfMAp_e_wwbj7c" />
157-->src/main/AndroidManifest.xml:120:13-68
158
159        <activity
159-->[com.github.dhaval2404:imagepicker:2.1] AndroidManifest.xml:22:9-25:68
160            android:name="com.github.dhaval2404.imagepicker.ImagePickerActivity"
160-->[com.github.dhaval2404:imagepicker:2.1] AndroidManifest.xml:23:13-81
161            android:screenOrientation="unspecified"
161-->[com.github.dhaval2404:imagepicker:2.1] AndroidManifest.xml:24:13-52
162            android:theme="@style/Theme.Transparent.ImagePicker" />
162-->[com.github.dhaval2404:imagepicker:2.1] AndroidManifest.xml:25:13-65
163        <activity
163-->[com.github.dhaval2404:imagepicker:2.1] AndroidManifest.xml:26:9-29:72
164            android:name="com.yalantis.ucrop.UCropActivity"
164-->[com.github.dhaval2404:imagepicker:2.1] AndroidManifest.xml:27:13-60
165            android:screenOrientation="portrait"
165-->[com.github.dhaval2404:imagepicker:2.1] AndroidManifest.xml:28:13-49
166            android:theme="@style/Theme.AppCompat.Light.NoActionBar" />
166-->[com.github.dhaval2404:imagepicker:2.1] AndroidManifest.xml:29:13-69
167
168        <provider
168-->[com.github.dhaval2404:imagepicker:2.1] AndroidManifest.xml:31:9-39:20
169            android:name="com.github.dhaval2404.imagepicker.ImagePickerFileProvider"
169-->[com.github.dhaval2404:imagepicker:2.1] AndroidManifest.xml:32:13-85
170            android:authorities="com.app.myapplication.imagepicker.provider"
170-->[com.github.dhaval2404:imagepicker:2.1] AndroidManifest.xml:33:13-72
171            android:exported="false"
171-->[com.github.dhaval2404:imagepicker:2.1] AndroidManifest.xml:34:13-37
172            android:grantUriPermissions="true" >
172-->[com.github.dhaval2404:imagepicker:2.1] AndroidManifest.xml:35:13-47
173            <meta-data
173-->[com.github.dhaval2404:imagepicker:2.1] AndroidManifest.xml:36:13-38:71
174                android:name="android.support.FILE_PROVIDER_PATHS"
174-->[com.github.dhaval2404:imagepicker:2.1] AndroidManifest.xml:37:17-67
175                android:resource="@xml/image_picker_provider_paths" />
175-->[com.github.dhaval2404:imagepicker:2.1] AndroidManifest.xml:38:17-68
176        </provider>
177        <provider
177-->[androidx.emoji2:emoji2:1.2.0] AndroidManifest.xml:24:9-32:20
178            android:name="androidx.startup.InitializationProvider"
178-->[androidx.emoji2:emoji2:1.2.0] AndroidManifest.xml:25:13-67
179            android:authorities="com.app.myapplication.androidx-startup"
179-->[androidx.emoji2:emoji2:1.2.0] AndroidManifest.xml:26:13-68
180            android:exported="false" >
180-->[androidx.emoji2:emoji2:1.2.0] AndroidManifest.xml:27:13-37
181            <meta-data
181-->[androidx.emoji2:emoji2:1.2.0] AndroidManifest.xml:29:13-31:52
182                android:name="androidx.emoji2.text.EmojiCompatInitializer"
182-->[androidx.emoji2:emoji2:1.2.0] AndroidManifest.xml:30:17-75
183                android:value="androidx.startup" />
183-->[androidx.emoji2:emoji2:1.2.0] AndroidManifest.xml:31:17-49
184            <meta-data
184-->[androidx.lifecycle:lifecycle-process:2.6.1] AndroidManifest.xml:29:13-31:52
185                android:name="androidx.lifecycle.ProcessLifecycleInitializer"
185-->[androidx.lifecycle:lifecycle-process:2.6.1] AndroidManifest.xml:30:17-78
186                android:value="androidx.startup" />
186-->[androidx.lifecycle:lifecycle-process:2.6.1] AndroidManifest.xml:31:17-49
187            <meta-data
187-->[androidx.profileinstaller:profileinstaller:1.3.0] AndroidManifest.xml:29:13-31:52
188                android:name="androidx.profileinstaller.ProfileInstallerInitializer"
188-->[androidx.profileinstaller:profileinstaller:1.3.0] AndroidManifest.xml:30:17-85
189                android:value="androidx.startup" />
189-->[androidx.profileinstaller:profileinstaller:1.3.0] AndroidManifest.xml:31:17-49
190        </provider>
191
192        <activity
192-->[com.google.firebase:firebase-auth:22.3.1] AndroidManifest.xml:29:9-46:20
193            android:name="com.google.firebase.auth.internal.GenericIdpActivity"
193-->[com.google.firebase:firebase-auth:22.3.1] AndroidManifest.xml:30:13-80
194            android:excludeFromRecents="true"
194-->[com.google.firebase:firebase-auth:22.3.1] AndroidManifest.xml:31:13-46
195            android:exported="true"
195-->[com.google.firebase:firebase-auth:22.3.1] AndroidManifest.xml:32:13-36
196            android:launchMode="singleTask"
196-->[com.google.firebase:firebase-auth:22.3.1] AndroidManifest.xml:33:13-44
197            android:theme="@android:style/Theme.Translucent.NoTitleBar" >
197-->[com.google.firebase:firebase-auth:22.3.1] AndroidManifest.xml:34:13-72
198            <intent-filter>
198-->[com.google.firebase:firebase-auth:22.3.1] AndroidManifest.xml:35:13-45:29
199                <action android:name="android.intent.action.VIEW" />
199-->[com.google.firebase:firebase-auth:22.3.1] AndroidManifest.xml:36:17-69
199-->[com.google.firebase:firebase-auth:22.3.1] AndroidManifest.xml:36:25-66
200
201                <category android:name="android.intent.category.DEFAULT" />
201-->[com.google.firebase:firebase-auth:22.3.1] AndroidManifest.xml:38:17-76
201-->[com.google.firebase:firebase-auth:22.3.1] AndroidManifest.xml:38:27-73
202                <category android:name="android.intent.category.BROWSABLE" />
202-->[com.google.firebase:firebase-auth:22.3.1] AndroidManifest.xml:39:17-78
202-->[com.google.firebase:firebase-auth:22.3.1] AndroidManifest.xml:39:27-75
203
204                <data
204-->[com.google.firebase:firebase-auth:22.3.1] AndroidManifest.xml:41:17-44:51
205                    android:host="firebase.auth"
205-->[com.google.firebase:firebase-auth:22.3.1] AndroidManifest.xml:42:21-49
206                    android:path="/"
206-->[com.google.firebase:firebase-auth:22.3.1] AndroidManifest.xml:43:21-37
207                    android:scheme="genericidp" />
207-->[com.google.firebase:firebase-auth:22.3.1] AndroidManifest.xml:44:21-48
208            </intent-filter>
209        </activity>
210        <activity
210-->[com.google.firebase:firebase-auth:22.3.1] AndroidManifest.xml:47:9-64:20
211            android:name="com.google.firebase.auth.internal.RecaptchaActivity"
211-->[com.google.firebase:firebase-auth:22.3.1] AndroidManifest.xml:48:13-79
212            android:excludeFromRecents="true"
212-->[com.google.firebase:firebase-auth:22.3.1] AndroidManifest.xml:49:13-46
213            android:exported="true"
213-->[com.google.firebase:firebase-auth:22.3.1] AndroidManifest.xml:50:13-36
214            android:launchMode="singleTask"
214-->[com.google.firebase:firebase-auth:22.3.1] AndroidManifest.xml:51:13-44
215            android:theme="@android:style/Theme.Translucent.NoTitleBar" >
215-->[com.google.firebase:firebase-auth:22.3.1] AndroidManifest.xml:52:13-72
216            <intent-filter>
216-->[com.google.firebase:firebase-auth:22.3.1] AndroidManifest.xml:53:13-63:29
217                <action android:name="android.intent.action.VIEW" />
217-->[com.google.firebase:firebase-auth:22.3.1] AndroidManifest.xml:36:17-69
217-->[com.google.firebase:firebase-auth:22.3.1] AndroidManifest.xml:36:25-66
218
219                <category android:name="android.intent.category.DEFAULT" />
219-->[com.google.firebase:firebase-auth:22.3.1] AndroidManifest.xml:38:17-76
219-->[com.google.firebase:firebase-auth:22.3.1] AndroidManifest.xml:38:27-73
220                <category android:name="android.intent.category.BROWSABLE" />
220-->[com.google.firebase:firebase-auth:22.3.1] AndroidManifest.xml:39:17-78
220-->[com.google.firebase:firebase-auth:22.3.1] AndroidManifest.xml:39:27-75
221
222                <data
222-->[com.google.firebase:firebase-auth:22.3.1] AndroidManifest.xml:41:17-44:51
223                    android:host="firebase.auth"
223-->[com.google.firebase:firebase-auth:22.3.1] AndroidManifest.xml:42:21-49
224                    android:path="/"
224-->[com.google.firebase:firebase-auth:22.3.1] AndroidManifest.xml:43:21-37
225                    android:scheme="recaptcha" />
225-->[com.google.firebase:firebase-auth:22.3.1] AndroidManifest.xml:44:21-48
226            </intent-filter>
227        </activity>
228
229        <service
229-->[com.google.firebase:firebase-auth:22.3.1] AndroidManifest.xml:66:9-72:19
230            android:name="com.google.firebase.components.ComponentDiscoveryService"
230-->[com.google.firebase:firebase-auth:22.3.1] AndroidManifest.xml:67:13-84
231            android:directBootAware="true"
231-->[com.google.firebase:firebase-common:20.4.2] AndroidManifest.xml:32:13-43
232            android:exported="false" >
232-->[com.google.firebase:firebase-auth:22.3.1] AndroidManifest.xml:68:13-37
233            <meta-data
233-->[com.google.firebase:firebase-auth:22.3.1] AndroidManifest.xml:69:13-71:85
234                android:name="com.google.firebase.components:com.google.firebase.auth.FirebaseAuthRegistrar"
234-->[com.google.firebase:firebase-auth:22.3.1] AndroidManifest.xml:70:17-109
235                android:value="com.google.firebase.components.ComponentRegistrar" />
235-->[com.google.firebase:firebase-auth:22.3.1] AndroidManifest.xml:71:17-82
236            <meta-data
236-->[com.google.firebase:firebase-firestore:24.10.1] AndroidManifest.xml:17:13-19:85
237                android:name="com.google.firebase.components:com.google.firebase.firestore.FirebaseFirestoreKtxRegistrar"
237-->[com.google.firebase:firebase-firestore:24.10.1] AndroidManifest.xml:18:17-122
238                android:value="com.google.firebase.components.ComponentRegistrar" />
238-->[com.google.firebase:firebase-firestore:24.10.1] AndroidManifest.xml:19:17-82
239            <meta-data
239-->[com.google.firebase:firebase-firestore:24.10.1] AndroidManifest.xml:20:13-22:85
240                android:name="com.google.firebase.components:com.google.firebase.firestore.FirestoreRegistrar"
240-->[com.google.firebase:firebase-firestore:24.10.1] AndroidManifest.xml:21:17-111
241                android:value="com.google.firebase.components.ComponentRegistrar" />
241-->[com.google.firebase:firebase-firestore:24.10.1] AndroidManifest.xml:22:17-82
242            <meta-data
242-->[com.google.firebase:firebase-storage-ktx:20.3.0] AndroidManifest.xml:12:13-14:85
243                android:name="com.google.firebase.components:com.google.firebase.storage.ktx.FirebaseStorageLegacyRegistrar"
243-->[com.google.firebase:firebase-storage-ktx:20.3.0] AndroidManifest.xml:13:17-125
244                android:value="com.google.firebase.components.ComponentRegistrar" />
244-->[com.google.firebase:firebase-storage-ktx:20.3.0] AndroidManifest.xml:14:17-82
245            <meta-data
245-->[com.google.firebase:firebase-storage:20.3.0] AndroidManifest.xml:30:13-32:85
246                android:name="com.google.firebase.components:com.google.firebase.storage.FirebaseStorageKtxRegistrar"
246-->[com.google.firebase:firebase-storage:20.3.0] AndroidManifest.xml:31:17-118
247                android:value="com.google.firebase.components.ComponentRegistrar" />
247-->[com.google.firebase:firebase-storage:20.3.0] AndroidManifest.xml:32:17-82
248            <meta-data
248-->[com.google.firebase:firebase-storage:20.3.0] AndroidManifest.xml:33:13-35:85
249                android:name="com.google.firebase.components:com.google.firebase.storage.StorageRegistrar"
249-->[com.google.firebase:firebase-storage:20.3.0] AndroidManifest.xml:34:17-107
250                android:value="com.google.firebase.components.ComponentRegistrar" />
250-->[com.google.firebase:firebase-storage:20.3.0] AndroidManifest.xml:35:17-82
251            <meta-data
251-->[com.google.firebase:firebase-appcheck:17.1.1] AndroidManifest.xml:25:13-27:85
252                android:name="com.google.firebase.components:com.google.firebase.appcheck.FirebaseAppCheckKtxRegistrar"
252-->[com.google.firebase:firebase-appcheck:17.1.1] AndroidManifest.xml:26:17-120
253                android:value="com.google.firebase.components.ComponentRegistrar" />
253-->[com.google.firebase:firebase-appcheck:17.1.1] AndroidManifest.xml:27:17-82
254            <meta-data
254-->[com.google.firebase:firebase-appcheck:17.1.1] AndroidManifest.xml:28:13-30:85
255                android:name="com.google.firebase.components:com.google.firebase.appcheck.FirebaseAppCheckRegistrar"
255-->[com.google.firebase:firebase-appcheck:17.1.1] AndroidManifest.xml:29:17-117
256                android:value="com.google.firebase.components.ComponentRegistrar" />
256-->[com.google.firebase:firebase-appcheck:17.1.1] AndroidManifest.xml:30:17-82
257            <meta-data
257-->[com.google.android.gms:play-services-measurement-api:21.5.0] AndroidManifest.xml:37:13-39:85
258                android:name="com.google.firebase.components:com.google.firebase.analytics.connector.internal.AnalyticsConnectorRegistrar"
258-->[com.google.android.gms:play-services-measurement-api:21.5.0] AndroidManifest.xml:38:17-139
259                android:value="com.google.firebase.components.ComponentRegistrar" />
259-->[com.google.android.gms:play-services-measurement-api:21.5.0] AndroidManifest.xml:39:17-82
260            <meta-data
260-->[com.google.firebase:firebase-installations:17.2.0] AndroidManifest.xml:15:13-17:85
261                android:name="com.google.firebase.components:com.google.firebase.installations.FirebaseInstallationsKtxRegistrar"
261-->[com.google.firebase:firebase-installations:17.2.0] AndroidManifest.xml:16:17-130
262                android:value="com.google.firebase.components.ComponentRegistrar" />
262-->[com.google.firebase:firebase-installations:17.2.0] AndroidManifest.xml:17:17-82
263            <meta-data
263-->[com.google.firebase:firebase-installations:17.2.0] AndroidManifest.xml:18:13-20:85
264                android:name="com.google.firebase.components:com.google.firebase.installations.FirebaseInstallationsRegistrar"
264-->[com.google.firebase:firebase-installations:17.2.0] AndroidManifest.xml:19:17-127
265                android:value="com.google.firebase.components.ComponentRegistrar" />
265-->[com.google.firebase:firebase-installations:17.2.0] AndroidManifest.xml:20:17-82
266            <meta-data
266-->[com.google.firebase:firebase-common-ktx:20.4.2] AndroidManifest.xml:12:13-14:85
267                android:name="com.google.firebase.components:com.google.firebase.ktx.FirebaseCommonLegacyRegistrar"
267-->[com.google.firebase:firebase-common-ktx:20.4.2] AndroidManifest.xml:13:17-116
268                android:value="com.google.firebase.components.ComponentRegistrar" />
268-->[com.google.firebase:firebase-common-ktx:20.4.2] AndroidManifest.xml:14:17-82
269            <meta-data
269-->[com.google.firebase:firebase-common:20.4.2] AndroidManifest.xml:35:13-37:85
270                android:name="com.google.firebase.components:com.google.firebase.FirebaseCommonKtxRegistrar"
270-->[com.google.firebase:firebase-common:20.4.2] AndroidManifest.xml:36:17-109
271                android:value="com.google.firebase.components.ComponentRegistrar" />
271-->[com.google.firebase:firebase-common:20.4.2] AndroidManifest.xml:37:17-82
272        </service> <!-- Needs to be explicitly declared on P+ -->
273        <uses-library
273-->[com.google.android.gms:play-services-maps:18.0.2] AndroidManifest.xml:39:9-41:40
274            android:name="org.apache.http.legacy"
274-->[com.google.android.gms:play-services-maps:18.0.2] AndroidManifest.xml:40:13-50